{
  "RSpec": {
    "coverage": {
      "/home/ad/fshome5/u5/r/rhuusari/Linux/rubykurssi/config/environment.rb": [
        null,
        1,
        null,
        null,
        1
      ],
      "/home/ad/fshome5/u5/r/rhuusari/Linux/rubykurssi/config/application.rb": [
        1,
        null,
        1,
        null,
        null,
        null,
        1,
        null,
        1,
        1,
        null,
        1,
        null,
        null,
        null,
        null,
        null,
        null,
        null,
        null,
        null,
        null,
        null,
        null,
        null
      ],
      "/home/ad/fshome5/u5/r/rhuusari/Linux/rubykurssi/config/boot.rb": [
        null,
        1,
        null,
        1
      ],
      "/home/ad/fshome5/u5/r/rhuusari/Linux/rubykurssi/config/environments/test.rb": [
        1,
        null,
        null,
        null,
        null,
        null,
        null,
        1,
        null,
        null,
        null,
        null,
        1,
        null,
        null,
        1,
        1,
        null,
        null,
        1,
        1,
        null,
        null,
        1,
        null,
        null,
        1,
        null,
        null,
        null,
        null,
        1,
        null,
        null,
        1,
        null
      ],
      "/home/ad/fshome5/u5/r/rhuusari/Linux/rubykurssi/config/initializers/backtrace_silencers.rb": [
        null,
        null,
        null,
        null,
        null,
        null,
        null
      ],
      "/home/ad/fshome5/u5/r/rhuusari/Linux/rubykurssi/config/initializers/filter_parameter_logging.rb": [
        null,
        null,
        null,
        1
      ],
      "/home/ad/fshome5/u5/r/rhuusari/Linux/rubykurssi/config/initializers/inflections.rb": [
        null,
        null,
        null,
        null,
        null,
        null,
        null,
        null,
        null,
        null,
        null,
        null,
        null,
        null,
        null,
        null
      ],
      "/home/ad/fshome5/u5/r/rhuusari/Linux/rubykurssi/config/initializers/mime_types.rb": [
        null,
        null,
        null,
        null,
        null
      ],
      "/home/ad/fshome5/u5/r/rhuusari/Linux/rubykurssi/config/initializers/secret_token.rb": [
        null,
        null,
        null,
        null,
        null,
        null,
        null,
        null,
        null,
        null,
        null,
        1
      ],
      "/home/ad/fshome5/u5/r/rhuusari/Linux/rubykurssi/config/initializers/session_store.rb": [
        null,
        null,
        1
      ],
      "/home/ad/fshome5/u5/r/rhuusari/Linux/rubykurssi/config/initializers/wrap_parameters.rb": [
        null,
        null,
        null,
        null,
        null,
        null,
        1,
        1,
        null,
        null,
        null,
        null,
        null,
        null
      ],
      "/home/ad/fshome5/u5/r/rhuusari/Linux/rubykurssi/spec/factories.rb": [
        1,
        1,
        1,
        1,
        1,
        null,
        null,
        1,
        1,
        1,
        1,
        null,
        null,
        1,
        1,
        null,
        null,
        1,
        1,
        null,
        null,
        1,
        1,
        1,
        null,
        null,
        1,
        1,
        1,
        1,
        null,
        null,
        null
      ],
      "/home/ad/fshome5/u5/r/rhuusari/Linux/rubykurssi/app/models/user.rb": [
        1,
        1,
        null,
        1,
        null,
        1,
        null,
        null,
        1,
        null,
        null,
        1,
        1,
        1,
        null,
        1,
        3,
        2,
        null,
        null,
        1,
        24,
        null,
        56,
        20,
        20,
        20,
        57,
        21,
        21,
        21,
        null,
        null,
        20,
        null,
        null,
        1,
        24,
        null,
        56,
        20,
        20,
        20,
        57,
        21,
        21,
        21,
        null,
        null,
        20,
        null,
        null,
        null
      ],
      "/home/ad/fshome5/u5/r/rhuusari/Linux/rubykurssi/lib/rating_average.rb": [
        1,
        null,
        1,
        14,
        null,
        null,
        null
      ],
      "/home/ad/fshome5/u5/r/rhuusari/Linux/rubykurssi/app/models/rating.rb": [
        1,
        1,
        1,
        null,
        1,
        26,
        null,
        null,
        null
      ],
      "/home/ad/fshome5/u5/r/rhuusari/Linux/rubykurssi/config/routes.rb": [
        1,
        1,
        null,
        1,
        null,
        1,
        null,
        1,
        null,
        1,
        null,
        1,
        null,
        1,
        null,
        1,
        null,
        1,
        null,
        1,
        null,
        1,
        1,
        null,
        null,
        null,
        null,
        null,
        null,
        null,
        1,
        null,
        null,
        null,
        null,
        null,
        null,
        null,
        null,
        null,
        null,
        null,
        null,
        null,
        null,
        null,
        null,
        null,
        null,
        null,
        null,
        null,
        null,
        null,
        null,
        null,
        null,
        null,
        null,
        null,
        null,
        null,
        null,
        null,
        null,
        null,
        null,
        null,
        null,
        null,
        null,
        null,
        null,
        null,
        null,
        null,
        null,
        null,
        null,
        null,
        null,
        null,
        null,
        null,
        null,
        null,
        null
      ],
      "/home/ad/fshome5/u5/r/rhuusari/Linux/rubykurssi/app/helpers/application_helper.rb": [
        1,
        null
      ],
      "/home/ad/fshome5/u5/r/rhuusari/Linux/rubykurssi/app/helpers/beer_clubs_helper.rb": [
        1,
        null
      ],
      "/home/ad/fshome5/u5/r/rhuusari/Linux/rubykurssi/app/helpers/beers_helper.rb": [
        1,
        null
      ],
      "/home/ad/fshome5/u5/r/rhuusari/Linux/rubykurssi/app/helpers/breweries_helper.rb": [
        1,
        null
      ],
      "/home/ad/fshome5/u5/r/rhuusari/Linux/rubykurssi/app/helpers/memberships_helper.rb": [
        1,
        null
      ],
      "/home/ad/fshome5/u5/r/rhuusari/Linux/rubykurssi/app/helpers/users_helper.rb": [
        1,
        null
      ],
      "/home/ad/fshome5/u5/r/rhuusari/Linux/rubykurssi/spec/support/helpers/own_test_helper.rb": [
        1,
        null,
        1,
        7,
        7,
        7,
        7,
        null,
        null,
        null
      ],
      "/home/ad/fshome5/u5/r/rhuusari/Linux/rubykurssi/spec/features/breweries_page_spec.rb": [
        1,
        null,
        1,
        1,
        1,
        1,
        1,
        null,
        null,
        null,
        1,
        1,
        2,
        2,
        2,
        6,
        null,
        null,
        2,
        null,
        null,
        1,
        1,
        1,
        3,
        null,
        null,
        null,
        1,
        1,
        null,
        1,
        1,
        null,
        null,
        null,
        null,
        null
      ],
      "/home/ad/fshome5/u5/r/rhuusari/Linux/rubykurssi/spec/features/ratings_spec.rb": [
        1,
        1,
        null,
        1,
        2,
        2,
        2,
        2,
        null,
        1,
        1,
        null,
        null,
        1,
        1,
        1,
        1,
        null,
        1,
        1,
        2,
        null,
        1,
        1,
        1,
        null,
        null,
        null
      ],
      "/home/ad/fshome5/u5/r/rhuusari/Linux/rubykurssi/spec/features/user_ratings_spec.rb": [
        1,
        1,
        null,
        1,
        1,
        null,
        1,
        5,
        5,
        5,
        5,
        5,
        5,
        5,
        5,
        5,
        null,
        1,
        4,
        null,
        null,
        1,
        1,
        null,
        1,
        1,
        4,
        null,
        null,
        null,
        1,
        1,
        null,
        1,
        1,
        2,
        null,
        null,
        null,
        1,
        1,
        null,
        1,
        null,
        1,
        1,
        null,
        null,
        1,
        1,
        null,
        1,
        1,
        null,
        null,
        null
      ],
      "/home/ad/fshome5/u5/r/rhuusari/Linux/rubykurssi/app/models/beer_club.rb": [
        1,
        1,
        1,
        null
      ],
      "/home/ad/fshome5/u5/r/rhuusari/Linux/rubykurssi/app/controllers/beer_clubs_controller.rb": [
        1,
        1,
        null,
        null,
        null,
        1,
        0,
        null,
        null,
        null,
        null,
        1,
        null,
        null,
        null,
        1,
        0,
        null,
        null,
        null,
        1,
        null,
        null,
        null,
        null,
        1,
        0,
        null,
        0,
        0,
        0,
        0,
        null,
        0,
        0,
        null,
        null,
        null,
        null,
        null,
        null,
        1,
        0,
        0,
        0,
        0,
        null,
        0,
        0,
        null,
        null,
        null,
        null,
        null,
        null,
        1,
        0,
        0,
        0,
        0,
        null,
        null,
        null,
        1,
        null,
        1,
        0,
        null,
        null,
        null,
        1,
        0,
        null,
        null
      ],
      "/home/ad/fshome5/u5/r/rhuusari/Linux/rubykurssi/app/controllers/application_controller.rb": [
        1,
        null,
        null,
        1,
        null,
        1,
        null,
        1,
        98,
        79,
        null,
        null,
        null
      ],
      "/home/ad/fshome5/u5/r/rhuusari/Linux/rubykurssi/spec/features/users_spec.rb": [
        1,
        1,
        null,
        1,
        1,
        3,
        null,
        null,
        1,
        1,
        1,
        null,
        1,
        1,
        null,
        null,
        1,
        1,
        null,
        1,
        1,
        null,
        null,
        null,
        1,
        1,
        1,
        1,
        1,
        null,
        1,
        1,
        2,
        null,
        null
      ],
      "/home/ad/fshome5/u5/r/rhuusari/Linux/rubykurssi/spec/models/beer_spec.rb": [
        1,
        null,
        1,
        null,
        1,
        1,
        null,
        1,
        1,
        null,
        null,
        1,
        1,
        null,
        1,
        1,
        null,
        null,
        1,
        1,
        null,
        1,
        1,
        null,
        null,
        null
      ],
      "/home/ad/fshome5/u5/r/rhuusari/Linux/rubykurssi/app/models/beer.rb": [
        1,
        null,
        1,
        null,
        1,
        1,
        null,
        1,
        1,
        null,
        1,
        2,
        null,
        null,
        null
      ],
      "/home/ad/fshome5/u5/r/rhuusari/Linux/rubykurssi/spec/models/brewery_spec.rb": [
        1,
        null,
        1,
        null,
        1,
        4,
        null,
        2,
        2,
        2,
        null,
        null,
        1,
        1,
        null,
        1,
        null,
        null,
        null,
        null
      ],
      "/home/ad/fshome5/u5/r/rhuusari/Linux/rubykurssi/app/models/brewery.rb": [
        1,
        1,
        null,
        1,
        1,
        null,
        1,
        null,
        null,
        1,
        1,
        null,
        1,
        33,
        0,
        null,
        null,
        null,
        null
      ],
      "/home/ad/fshome5/u5/r/rhuusari/Linux/rubykurssi/spec/models/user_spec.rb": [
        1,
        null,
        null,
        1,
        null,
        1,
        1,
        null,
        1,
        null,
        null,
        1,
        1,
        null,
        1,
        1,
        null,
        null,
        1,
        1,
        null,
        1,
        1,
        null,
        null,
        1,
        1,
        null,
        1,
        1,
        null,
        null,
        1,
        3,
        null,
        1,
        1,
        1,
        null,
        null,
        1,
        1,
        1,
        null,
        1,
        1,
        null,
        null,
        null,
        1,
        5,
        null,
        1,
        1,
        null,
        null,
        1,
        1,
        null,
        null,
        1,
        1,
        null,
        1,
        null,
        null,
        1,
        1,
        1,
        null,
        1,
        null,
        null,
        null,
        1,
        5,
        null,
        1,
        1,
        null,
        null,
        1,
        1,
        null,
        null,
        1,
        1,
        null,
        1,
        null,
        null,
        1,
        1,
        1,
        1,
        1,
        1,
        1,
        null,
        1,
        null,
        null,
        null,
        1,
        5,
        null,
        1,
        1,
        null,
        null,
        1,
        1,
        null,
        null,
        1,
        1,
        null,
        1,
        null,
        null,
        1,
        1,
        1,
        1,
        1,
        1,
        1,
        1,
        1,
        null,
        1,
        null,
        null,
        null,
        null,
        null,
        1,
        9,
        9,
        9,
        null,
        null,
        1,
        1,
        5,
        null,
        null
      ],
      "/home/ad/fshome5/u5/r/rhuusari/Linux/rubykurssi/app/controllers/sessions_controller.rb": [
        1,
        1,
        null,
        null,
        null,
        1,
        null,
        0,
        null,
        0,
        null,
        null,
        1,
        7,
        7,
        1,
        null,
        6,
        6,
        null,
        null,
        null,
        null,
        null
      ],
      "/home/ad/fshome5/u5/r/rhuusari/Linux/rubykurssi/app/controllers/users_controller.rb": [
        1,
        1,
        null,
        null,
        null,
        1,
        0,
        null,
        null,
        null,
        null,
        1,
        null,
        null,
        null,
        1,
        1,
        null,
        null,
        null,
        1,
        null,
        null,
        null,
        null,
        1,
        1,
        null,
        1,
        1,
        2,
        1,
        null,
        0,
        0,
        null,
        null,
        null,
        null,
        null,
        null,
        1,
        0,
        0,
        0,
        0,
        null,
        0,
        0,
        null,
        null,
        null,
        null,
        null,
        null,
        1,
        0,
        0,
        0,
        null,
        0,
        0,
        0,
        null,
        null,
        null,
        1,
        null,
        1,
        12,
        null,
        null,
        null,
        1,
        1,
        null,
        null
      ],
      "/home/ad/fshome5/u5/r/rhuusari/Linux/rubykurssi/app/models/membership.rb": [
        1,
        1,
        1,
        null
      ],
      "/home/ad/fshome5/u5/r/rhuusari/Linux/rubykurssi/app/controllers/ratings_controller.rb": [
        1,
        1,
        1,
        null,
        null,
        1,
        1,
        1,
        null,
        null,
        1,
        1,
        null,
        1,
        1,
        1,
        null,
        0,
        0,
        null,
        null,
        null,
        1,
        1,
        1,
        1,
        null,
        null,
        null
      ],
      "/home/ad/fshome5/u5/r/rhuusari/Linux/rubykurssi/app/controllers/beers_controller.rb": [
        1,
        1,
        1,
        null,
        1,
        4,
        4,
        null,
        null,
        null,
        null,
        1,
        1,
        null,
        null,
        null,
        null,
        1,
        null,
        null,
        null,
        1,
        2,
        null,
        null,
        null,
        1,
        null,
        null,
        null,
        null,
        1,
        2,
        null,
        2,
        2,
        2,
        1,
        null,
        null,
        2,
        1,
        null,
        null,
        null,
        null,
        null,
        null,
        1,
        0,
        0,
        0,
        0,
        null,
        0,
        0,
        null,
        null,
        null,
        null,
        null,
        null,
        1,
        0,
        0,
        0,
        0,
        null,
        null,
        null,
        1,
        null,
        1,
        0,
        null,
        null,
        null,
        1,
        2,
        null,
        null
      ],
      "/home/ad/fshome5/u5/r/rhuusari/Linux/rubykurssi/app/controllers/breweries_controller.rb": [
        1,
        1,
        1,
        null,
        null,
        null,
        1,
        3,
        null,
        null,
        null,
        null,
        1,
        null,
        null,
        null,
        1,
        0,
        null,
        null,
        null,
        1,
        null,
        null,
        null,
        null,
        1,
        0,
        null,
        0,
        0,
        0,
        0,
        null,
        0,
        0,
        null,
        null,
        null,
        null,
        null,
        null,
        1,
        0,
        0,
        0,
        0,
        null,
        0,
        0,
        null,
        null,
        null,
        null,
        null,
        null,
        1,
        0,
        0,
        0,
        0,
        null,
        null,
        null,
        1,
        null,
        1,
        1,
        null,
        null,
        null,
        1,
        0,
        null,
        null,
        1,
        0,
        null,
        0,
        0,
        null,
        null,
        null
      ]
    },
    "timestamp": 1391515557
  }
}
